server is running version 1.1.74
ModuleInserterSimplified_1.1.2.zip;/download/ModuleInserterSimplified/63990ad496b0e516f37a2a03;3c79f284092c7f23ac448eefa8066af32adaa5a2
Downloading...
https://mods.factorio.com/download/ModuleInserterSimplified/63990ad496b0e516f37a2a03?username=VanofHoogen&token=fa86b79fc13d4ce6a0cb613163a80d
  Download complete.mods:
  enabled: true
  # in order to use the mods portal you will need to specify the username and token in the server_settings.
  # name is determined by the url, it will be the last part of the url, not the title of the mod.
  portal:
    # https://spaceexploration.miraheze.org/wiki/Recommended_Mods#Required_Dependencies
    # Recommended
    - ModuleInserterSimplified
    - aai-vehicles-ironclad
    - grappling-gun
    - bullet-trails
    - equipment-gantry
    - textplates
    - combat-mechanics-overhaul
    - RecipeBook
    # QOL
    - even-distribution
    - AutoTrash
    - LogisticRequestManager
    - BottleneckLite
    - Squeak Through
    - LogisticTrainNetwork
    # spaceX
    - alien-biomes
    - alien-biomes-hr-terrain
    - space-exploration-graphics
    - space-exploration-graphics-2
    - space-exploration-graphics-3
    - space-exploration-graphics-4
    - space-exploration-graphics-5
    - space-exploration-menu-simulations
    - shield-projector
    - aai-containers
    - aai-industry
    - aai-signal-transmission
    - simhelper
    - space-exploration-graphics
    - robot_attrition
    - informatron
    - jetpack
    - space-exploration-postprocess # causes crashes
    - space-exploration
aai-vehicles-ironclad_0.6.6.zip;/download/aai-vehicles-ironclad/635323bcf58ec7392702b6b2;bcc6393c1ecaa34b7bb89ebfefc3295c6a2c8935
Downloading...
https://mods.factorio.com/download/aai-vehicles-ironclad/635323bcf58ec7392702b6b2?username=VanofHoogen&token=fa86b79fc13d4ce6a0cb613163a80d
  Download complete.
grappling-gun_0.3.2.zip;/download/grappling-gun/6192f774de690e2b3ae1ff97;a77f3747f6749d496680ae0975ec67cd3bf91faa
Downloading...
https://mods.factorio.com/download/grappling-gun/6192f774de690e2b3ae1ff97?username=VanofHoogen&token=fa86b79fc13d4ce6a0cb613163a80d
  Download complete.
bullet-trails_0.6.2.zip;/download/bullet-trails/6229469f6d5a4787343dc6a3;4517c11b6f347da92dc5b0ceccd94732e6f4baa3
Downloading...
https://mods.factorio.com/download/bullet-trails/6229469f6d5a4787343dc6a3?username=VanofHoogen&token=fa86b79fc13d4ce6a0cb613163a80d
  Download complete.
equipment-gantry_0.1.5.zip;/download/equipment-gantry/62c35e2b181cd234ac380adc;da4259b80ecbf16c0dca7a489c6a723d3c663f8f
Downloading...
https://mods.factorio.com/download/equipment-gantry/62c35e2b181cd234ac380adc?username=VanofHoogen&token=fa86b79fc13d4ce6a0cb613163a80d
  Download complete.
textplates_0.6.10.zip;/download/textplates/633c686c3599e21c497cd26f;13bea84511a702757a0c9f5b54a1dd31e1e64590
Downloading...
https://mods.factorio.com/download/textplates/633c686c3599e21c497cd26f?username=VanofHoogen&token=fa86b79fc13d4ce6a0cb613163a80d
  Download complete.
combat-mechanics-overhaul_0.6.22.zip;/download/combat-mechanics-overhaul/62ad31379c0c875591328812;c9f1cad16a8ad758597f175d14c62c29b2bc0e4a
Downloading...
https://mods.factorio.com/download/combat-mechanics-overhaul/62ad31379c0c875591328812?username=VanofHoogen&token=fa86b79fc13d4ce6a0cb613163a80d
  Download complete.
RecipeBook_3.5.1.zip;/download/RecipeBook/638f76bec2c9b9c130ce2173;9dfd8de07b482fb4e080d1f0ff2daba738e753ea
Downloading...
https://mods.factorio.com/download/RecipeBook/638f76bec2c9b9c130ce2173?username=VanofHoogen&token=fa86b79fc13d4ce6a0cb613163a80d
  Download complete.
even-distribution_1.0.10.zip;/download/even-distribution/611ff8effdd9bd808d2dc9ed;706d1b2a1410cc35b18073400a4e65a0d3d63c4b
Downloading...
https://mods.factorio.com/download/even-distribution/611ff8effdd9bd808d2dc9ed?username=VanofHoogen&token=fa86b79fc13d4ce6a0cb613163a80d
  Download complete.
AutoTrash_5.3.13.zip;/download/AutoTrash/601a5a31262c515a4a0a0e22;6b0c1ea91488c76f240d0fefe27d6195afe9698f
Downloading...
https://mods.factorio.com/download/AutoTrash/601a5a31262c515a4a0a0e22?username=VanofHoogen&token=fa86b79fc13d4ce6a0cb613163a80d
  Download complete.
LogisticRequestManager_1.1.27.zip;/download/LogisticRequestManager/6362ec1cf3b843008557e785;77b6f68affb9bbf749e8831796e50816ae9bf088
Downloading...
https://mods.factorio.com/download/LogisticRequestManager/6362ec1cf3b843008557e785?username=VanofHoogen&token=fa86b79fc13d4ce6a0cb613163a80d
  Download complete.
BottleneckLite_1.2.4.zip;/download/BottleneckLite/62f56961781c5918a39c029e;e6ae3fc15221b6d970ca499d707e73f1da441014
Downloading...
https://mods.factorio.com/download/BottleneckLite/62f56961781c5918a39c029e?username=VanofHoogen&token=fa86b79fc13d4ce6a0cb613163a80d
  Download complete.
  Custom mod not on https://mods.factorio.com, skipped.
  Custom mod not on https://mods.factorio.com, skipped.
LogisticTrainNetwork_1.18.1.zip;/download/LogisticTrainNetwork/63982a7cc9896f951866094c;18d92014d70e3158401e19d845b656552586cea4
Downloading...
https://mods.factorio.com/download/LogisticTrainNetwork/63982a7cc9896f951866094c?username=VanofHoogen&token=fa86b79fc13d4ce6a0cb613163a80d
  Download complete.
alien-biomes_0.6.8.zip;/download/alien-biomes/63631ebd67c9c38c946248fe;fb361e299c45491142e07fbf17af8f0e7aa6d82e
Downloading...
https://mods.factorio.com/download/alien-biomes/63631ebd67c9c38c946248fe?username=VanofHoogen&token=fa86b79fc13d4ce6a0cb613163a80d
  Download complete.
alien-biomes-hr-terrain_0.6.1.zip;/download/alien-biomes-hr-terrain/5fbc7815c23c61e3df49f225;6bbb6735d6e501043f8121b855e4b32f385d16d3
Downloading...
https://mods.factorio.com/download/alien-biomes-hr-terrain/5fbc7815c23c61e3df49f225?username=VanofHoogen&token=fa86b79fc13d4ce6a0cb613163a80d
  Download complete.
space-exploration-graphics_0.6.14.zip;/download/space-exploration-graphics/638cf9a2321a768441f1cea0;c1f87620f1a32338b6d532421cc243b67103c363
Downloading...
https://mods.factorio.com/download/space-exploration-graphics/638cf9a2321a768441f1cea0?username=VanofHoogen&token=fa86b79fc13d4ce6a0cb613163a80d
  Download complete.
space-exploration-graphics-2_0.6.1.zip;/download/space-exploration-graphics-2/62c600757d390367c904326f;e6cf3539687b6beedfe33b40a1ea96be062b2400
Downloading...
https://mods.factorio.com/download/space-exploration-graphics-2/62c600757d390367c904326f?username=VanofHoogen&token=fa86b79fc13d4ce6a0cb613163a80d
  Download complete.
space-exploration-graphics-3_0.6.1.zip;/download/space-exploration-graphics-3/62c5fcc87d390367c904326e;b073e0dc1bc8f863ea9c7382b0b5ffd75df297f0
Downloading...
https://mods.factorio.com/download/space-exploration-graphics-3/62c5fcc87d390367c904326e?username=VanofHoogen&token=fa86b79fc13d4ce6a0cb613163a80d
  Download complete.
space-exploration-graphics-4_0.6.2.zip;/download/space-exploration-graphics-4/62c5fa6c2fb0bca9d9b7bf9c;dce8bcdf64f0060790d5cbffb3b85eea9114c675
Downloading...
https://mods.factorio.com/download/space-exploration-graphics-4/62c5fa6c2fb0bca9d9b7bf9c?username=VanofHoogen&token=fa86b79fc13d4ce6a0cb613163a80d
  Download complete.
space-exploration-graphics-5_0.6.1.zip;/download/space-exploration-graphics-5/62c60715928373e6684f932f;9e41d95b39eabb31d12c0b48ec727be28cdc086b
Downloading...
https://mods.factorio.com/download/space-exploration-graphics-5/62c60715928373e6684f932f?username=VanofHoogen&token=fa86b79fc13d4ce6a0cb613163a80d
  Download complete.
space-exploration-menu-simulations_0.6.8.zip;/download/space-exploration-menu-simulations/62ccb63ecb61da5c18e0cefa;8010b076d817858e51be9b9270a7a245a669d8c9
Downloading...
https://mods.factorio.com/download/space-exploration-menu-simulations/62ccb63ecb61da5c18e0cefa?username=VanofHoogen&token=fa86b79fc13d4ce6a0cb613163a80d
  Download complete.
shield-projector_0.1.6.zip;/download/shield-projector/62f02b07b53847e0072eebee;a123f610485705ca9e204bc5ba4d89c73b589417
Downloading...
https://mods.factorio.com/download/shield-projector/62f02b07b53847e0072eebee?username=VanofHoogen&token=fa86b79fc13d4ce6a0cb613163a80d
  Download complete.
aai-containers_0.2.11.zip;/download/aai-containers/62bce7638ed1b6ac27b67aaa;ba3635dfe00f34307aace6f3f0e80c747207e4f0
Downloading...
https://mods.factorio.com/download/aai-containers/62bce7638ed1b6ac27b67aaa?username=VanofHoogen&token=fa86b79fc13d4ce6a0cb613163a80d
  Download complete.
aai-industry_0.5.19.zip;/download/aai-industry/62ca1f76eda89128166eb178;c51e134d204e3dea2facd9a49c9e4715f349e4ad
Downloading...
https://mods.factorio.com/download/aai-industry/62ca1f76eda89128166eb178?username=VanofHoogen&token=fa86b79fc13d4ce6a0cb613163a80d
  Download complete.
aai-signal-transmission_0.4.7.zip;/download/aai-signal-transmission/62882247b91f4cf713cf304b;da6e2b2030831f94cb38a68d21cf5ab28b8e25e1
Downloading...
https://mods.factorio.com/download/aai-signal-transmission/62882247b91f4cf713cf304b?username=VanofHoogen&token=fa86b79fc13d4ce6a0cb613163a80d
  Download complete.
simhelper_1.1.4.zip;/download/simhelper/629a455a2dc844fba541cc86;404c449e761e1692a5e59663b128234733965e03
Downloading...
https://mods.factorio.com/download/simhelper/629a455a2dc844fba541cc86?username=VanofHoogen&token=fa86b79fc13d4ce6a0cb613163a80d
  Download complete.
space-exploration-graphics_0.6.14.zip;/download/space-exploration-graphics/638cf9a2321a768441f1cea0;c1f87620f1a32338b6d532421cc243b67103c363
Downloading...
https://mods.factorio.com/download/space-exploration-graphics/638cf9a2321a768441f1cea0?username=VanofHoogen&token=fa86b79fc13d4ce6a0cb613163a80d
  Download complete.
robot_attrition_0.5.12.zip;/download/robot_attrition/61d99090bdb9f7e97490e3fc;427cad5e051b64c2bd9ff504b85353a6a9fcf67b
Downloading...
https://mods.factorio.com/download/robot_attrition/61d99090bdb9f7e97490e3fc?username=VanofHoogen&token=fa86b79fc13d4ce6a0cb613163a80d
  Download complete.
informatron_0.3.1.zip;/download/informatron/639efa1cf342666eee4e2dff;39499cf3eeb9a1164c01e0ea840703082bfe6dee
Downloading...
https://mods.factorio.com/download/informatron/639efa1cf342666eee4e2dff?username=VanofHoogen&token=fa86b79fc13d4ce6a0cb613163a80d
  Download complete.
jetpack_0.3.8.zip;/download/jetpack/6397a20d0147427eae613e1b;2493c37048edcaec58a500192ad2fe5e2b1c1290
Downloading...
https://mods.factorio.com/download/jetpack/6397a20d0147427eae613e1b?username=VanofHoogen&token=fa86b79fc13d4ce6a0cb613163a80d
  Download complete.
space-exploration-postprocess_0.6.22.zip;/download/space-exploration-postprocess/63a10afbf5798fdef0aeb282;e6299352dc4ea8d4bd1764f1326fe9d887641f1f
Downloading...
https://mods.factorio.com/download/space-exploration-postprocess/63a10afbf5798fdef0aeb282?username=VanofHoogen&token=fa86b79fc13d4ce6a0cb613163a80d
  Download complete.
space-exploration_0.6.94.zip;/download/space-exploration/63a10b0722bbab92d518de8f;fd954017932ac6520cd5cde3cdb8f0adc0b7232c
Downloading...
https://mods.factorio.com/download/space-exploration/63a10b0722bbab92d518de8f?username=VanofHoogen&token=fa86b79fc13d4ce6a0cb613163a80d
  Download complete.
+ FACTORIO_VOL=/factorio
+ LOAD_LATEST_SAVE=true
+ GENERATE_NEW_SAVE=true
+ SAVE_NAME=space-exploration
+ BIND=
+ mkdir -p /factorio
+ mkdir -p /factorio/saves
+ mkdir -p /factorio/configs
+ mkdir -p /factorio/mods
+ mkdir -p /factorio/scenarios
+ mkdir -p /factorio/script-output
+ [[ ! -f /factorio/configs/rconpw ]]
+ [[ ! -f /factorio/configs/server-settings.json ]]
+ [[ ! -f /factorio/configs/map-gen-settings.json ]]
+ [[ ! -f /factorio/configs/map-settings.json ]]
++ find -L /factorio/saves -iname '*.tmp.zip' -mindepth 1
++ wc -l
+ NRTMPSAVES=0
+ [[ 0 -gt 0 ]]
+ [[ false == \t\r\u\e ]]
++ id -u
+ [[ 0 = 0 ]]
+ usermod -o -u 845 factorio
usermod: no changes
+ groupmod -o -g 845 factorio
+ chown -R factorio:factorio /factorio
+ SU_EXEC='su-exec factorio'
+ sed -i '/write-data=/c\write-data=\/factorio/' /opt/factorio/config/config.ini
++ find -L /factorio/saves -iname '*.zip' -mindepth 1
++ wc -l
+ NRSAVES=0
+ [[ true != true ]]
+ [[ true == true ]]
+ [[ -z space-exploration ]]
+ [[ -f /factorio/saves/space-exploration.zip ]]
+ su-exec factorio /opt/factorio/bin/x64/factorio --create /factorio/saves/space-exploration.zip --map-gen-settings /factorio/configs/map-gen-settings.json --map-settings /factorio/configs/map-settings.json
   0.000 2022-12-24 19:38:25; Factorio 1.1.74 (build 60256, linux64, headless)
   0.000 Operating system: Linux
   0.000 Program arguments: "/opt/factorio/bin/x64/factorio" "--create" "/factorio/saves/space-exploration.zip" "--map-gen-settings" "/factorio/configs/map-gen-settings.json" "--map-settings" "/factorio/configs/map-settings.json" 
   0.000 Config path: /opt/factorio/config/config.ini
   0.000 Read data path: /opt/factorio/data
   0.000 Write data path: /factorio [777266/953565MB]
   0.000 Binaries path: /opt/factorio/bin
   0.002 System info: [CPU: AMD Ryzen 7 7700X 8-Core Processor, 16 cores, RAM: 31239 MB]
   0.002 Environment: DISPLAY=<unset> WAYLAND_DISPLAY=<unset> DESKTOP_SESSION=<unset> XDG_SESSION_DESKTOP=<unset> XDG_CURRENT_DESKTOP=<unset> __GL_FSAA_MODE=<unset> __GL_LOG_MAX_ANISO=<unset> __GL_SYNC_TO_VBLANK=<unset> __GL_SORT_FBCONFIGS=<unset> __GL_YIELD=<unset>
   0.002 Running in headless mode
   0.042 Loading mod settings aai-containers 0.2.11 (settings.lua)
   0.042 Loading mod settings even-distribution 1.0.10 (settings.lua)
   0.042 Loading mod settings informatron 0.3.1 (settings.lua)
   0.043 Loading mod settings jetpack 0.3.8 (settings.lua)
   0.043 Loading mod settings LogisticRequestManager 1.1.27 (settings.lua)
   0.043 Loading mod settings robot_attrition 0.5.12 (settings.lua)
   0.043 Loading mod settings space-exploration-menu-simulations 0.6.8 (settings.lua)
   0.044 Loading mod settings aai-industry 0.5.19 (settings.lua)
   0.044 Loading mod settings alien-biomes 0.6.8 (settings.lua)
   0.044 Loading mod settings combat-mechanics-overhaul 0.6.22 (settings.lua)
   0.045 Loading mod settings equipment-gantry 0.1.5 (settings.lua)
   0.045 Loading mod settings space-exploration 0.6.94 (settings.lua)
   0.045 Loading mod settings space-exploration-postprocess 0.6.22 (settings.lua)
   0.047 Loading mod core 0.0.0 (data.lua)
   0.057 Loading mod base 1.1.74 (data.lua)
   0.130 Loading mod aai-containers 0.2.11 (data.lua)
   0.137 Loading mod aai-signal-transmission 0.4.7 (data.lua)
   0.141 Loading mod aai-vehicles-ironclad 0.6.6 (data.lua)
   0.146 Loading mod alien-biomes-hr-terrain 0.6.1 (data.lua)
   0.150 Loading mod bullet-trails 0.6.2 (data.lua)
   0.153 Loading mod even-distribution 1.0.10 (data.lua)
   0.157 Loading mod grappling-gun 0.3.2 (data.lua)
   0.161 Loading mod informatron 0.3.1 (data.lua)
   0.164 Loading mod jetpack 0.3.8 (data.lua)
   0.168 Loading mod LogisticRequestManager 1.1.27 (data.lua)
   0.171 Loading mod ModuleInserterSimplified 1.1.2 (data.lua)
   0.174 Loading mod robot_attrition 0.5.12 (data.lua)
   0.178 Loading mod shield-projector 0.1.6 (data.lua)
   0.182 Loading mod space-exploration-menu-simulations 0.6.8 (data.lua)
   0.185 Loading mod textplates 0.6.10 (data.lua)
   0.195 Loading mod aai-industry 0.5.19 (data.lua)
   0.196 Script @__aai-industry__/data.lua:2: Log mods once: {
  LogisticRequestManager = "1.1.27",
  ModuleInserterSimplified = "1.1.2",
  ["aai-containers"] = "0.2.11",
  ["aai-industry"] = "0.5.19",
  ["aai-signal-transmission"] = "0.4.7",
  ["aai-vehicles-ironclad"] = "0.6.6",
  ["alien-biomes"] = "0.6.8",
  ["alien-biomes-hr-terrain"] = "0.6.1",
  base = "1.1.74",
  ["bullet-trails"] = "0.6.2",
  ["combat-mechanics-overhaul"] = "0.6.22",
  ["equipment-gantry"] = "0.1.5",
  ["even-distribution"] = "1.0.10",
  ["grappling-gun"] = "0.3.2",
  informatron = "0.3.1",
  jetpack = "0.3.8",
  robot_attrition = "0.5.12",
  ["shield-projector"] = "0.1.6",
  simhelper = "1.1.4",
  ["space-exploration"] = "0.6.94",
  ["space-exploration-graphics"] = "0.6.14",
  ["space-exploration-graphics-2"] = "0.6.1",
  ["space-exploration-graphics-3"] = "0.6.1",
  ["space-exploration-graphics-4"] = "0.6.2",
  ["space-exploration-graphics-5"] = "0.6.1",
  ["space-exploration-menu-simulations"] = "0.6.8",
  ["space-exploration-postprocess"] = "0.6.22",
  textplates = "0.6.10"
}
   0.207 Loading mod alien-biomes 0.6.8 (data.lua)
   0.328 Loading mod combat-mechanics-overhaul 0.6.22 (data.lua)
   0.330 Script @__combat-mechanics-overhaul__/collision-mask-util-extended/data/collision-mask-util-extended.lua:133: Named collision layer [flying-layer] set to layer [layer-13]
   0.330 Script @__combat-mechanics-overhaul__/collision-mask-util-extended/data/collision-mask-util-extended.lua:133: Named collision layer [projectile-layer] set to layer [layer-14]
   0.331 Script @__combat-mechanics-overhaul__/collision-mask-util-extended/data/collision-mask-util-extended.lua:133: Named collision layer [vehicle-layer] set to layer [layer-15]
   0.339 Loading mod equipment-gantry 0.1.5 (data.lua)
   0.347 Loading mod space-exploration 0.6.94 (data.lua)
   0.349 Script @__space-exploration__/collision-mask-util-extended/data/collision-mask-util-extended.lua:111: Named collision layer [empty-space-tile] set to layer [layer-16]
   0.350 Script @__space-exploration__/collision-mask-util-extended/data/collision-mask-util-extended.lua:111: Named collision layer [space-tile] set to layer [layer-17]
   0.351 Script @__space-exploration__/collision-mask-util-extended/data/collision-mask-util-extended.lua:111: Named collision layer [moving-tile] set to layer [layer-18]
   0.352 Script @__space-exploration__/collision-mask-util-extended/data/collision-mask-util-extended.lua:111: Named collision layer [composite-entity-circuit-connection-layer] set to layer [layer-19]
   0.377 Script @__space-exploration__/collision-mask-util-extended/data/collision-mask-util-extended.lua:111: Named collision layer [addon-layer] set to layer [layer-20]
   0.427 Loading mod space-exploration-postprocess 0.6.22 (data.lua)
   0.438 Loading mod base 1.1.74 (data-updates.lua)
   0.448 Loading mod aai-vehicles-ironclad 0.6.6 (data-updates.lua)
   0.459 Loading mod bullet-trails 0.6.2 (data-updates.lua)
   0.469 Loading mod robot_attrition 0.5.12 (data-updates.lua)
   0.480 Loading mod textplates 0.6.10 (data-updates.lua)
   0.490 Loading mod aai-industry 0.5.19 (data-updates.lua)
   0.504 Loading mod alien-biomes 0.6.8 (data-updates.lua)
   0.514 Loading mod space-exploration 0.6.94 (data-updates.lua)
   0.529 Loading mod aai-containers 0.2.11 (data-final-fixes.lua)
   0.601 Loading mod jetpack 0.3.8 (data-final-fixes.lua)
   0.616 Loading mod ModuleInserterSimplified 1.1.2 (data-final-fixes.lua)
   0.626 Loading mod robot_attrition 0.5.12 (data-final-fixes.lua)
   0.636 Loading mod aai-industry 0.5.19 (data-final-fixes.lua)
   0.648 Loading mod alien-biomes 0.6.8 (data-final-fixes.lua)
   0.664 Script @__alien-biomes__/data-final-fixes.lua:300: Setting decals to layer 163
   0.664 Script @__alien-biomes__/data-final-fixes.lua:407: logging tile layers
   0.668 Script @__alien-biomes__/data-final-fixes.lua:412: {
  ["layer 0"] = "out-of-map",
  ["layer 1"] = "water, water-green",
  ["layer 2"] = "deepwater, deepwater-green",
  ["layer 3"] = "water-wube",
  ["layer 4"] = "water-shallow",
  ["layer 5"] = "water-mud",
  ["layer 6"] = "grass-1",
  ["layer 7"] = "mineral-purple-dirt-1",
  ["layer 8"] = "mineral-purple-dirt-2",
  ["layer 9"] = "mineral-purple-dirt-3",
  ["layer 10"] = "mineral-purple-dirt-4",
  ["layer 11"] = "mineral-purple-dirt-5",
  ["layer 12"] = "mineral-purple-dirt-6",
  ["layer 13"] = "mineral-purple-sand-1",
  ["layer 14"] = "mineral-purple-sand-2",
  ["layer 15"] = "mineral-purple-sand-3",
  ["layer 16"] = "mineral-violet-dirt-1",
  ["layer 17"] = "mineral-violet-dirt-2",
  ["layer 18"] = "mineral-violet-dirt-3",
  ["layer 19"] = "mineral-violet-dirt-4",
  ["layer 20"] = "mineral-violet-dirt-5",
  ["layer 21"] = "mineral-violet-dirt-6",
  ["layer 22"] = "mineral-violet-sand-1",
  ["layer 23"] = "mineral-violet-sand-2",
  ["layer 24"] = "mineral-violet-sand-3",
  ["layer 25"] = "mineral-red-dirt-1",
  ["layer 26"] = "mineral-red-dirt-2",
  ["layer 27"] = "mineral-red-dirt-3",
  ["layer 28"] = "mineral-red-dirt-4",
  ["layer 29"] = "mineral-red-dirt-5",
  ["layer 30"] = "mineral-red-dirt-6",
  ["layer 31"] = "mineral-red-sand-1",
  ["layer 32"] = "mineral-red-sand-2",
  ["layer 33"] = "mineral-red-sand-3",
  ["layer 34"] = "mineral-brown-dirt-1",
  ["layer 35"] = "mineral-brown-dirt-2",
  ["layer 36"] = "mineral-brown-dirt-3",
  ["layer 37"] = "mineral-brown-dirt-4",
  ["layer 38"] = "mineral-brown-dirt-5",
  ["layer 39"] = "mineral-brown-dirt-6",
  ["layer 40"] = "mineral-brown-sand-1",
  ["layer 41"] = "mineral-brown-sand-2",
  ["layer 42"] = "mineral-brown-sand-3",
  ["layer 43"] = "mineral-tan-dirt-1",
  ["layer 44"] = "mineral-tan-dirt-2",
  ["layer 45"] = "mineral-tan-dirt-3",
  ["layer 46"] = "mineral-tan-dirt-4",
  ["layer 47"] = "mineral-tan-dirt-5",
  ["layer 48"] = "mineral-tan-dirt-6",
  ["layer 49"] = "mineral-tan-sand-1",
  ["layer 50"] = "mineral-tan-sand-2",
  ["layer 51"] = "mineral-tan-sand-3",
  ["layer 52"] = "mineral-aubergine-dirt-1",
  ["layer 53"] = "mineral-aubergine-dirt-2",
  ["layer 54"] = "mineral-aubergine-dirt-3",
  ["layer 55"] = "mineral-aubergine-dirt-4",
  ["layer 56"] = "mineral-aubergine-dirt-5",
  ["layer 57"] = "mineral-aubergine-dirt-6",
  ["layer 58"] = "mineral-aubergine-sand-1",
  ["layer 59"] = "mineral-aubergine-sand-2",
  ["layer 60"] = "mineral-aubergine-sand-3",
  ["layer 61"] = "mineral-dustyrose-dirt-1",
  ["layer 62"] = "mineral-dustyrose-dirt-2",
  ["layer 63"] = "mineral-dustyrose-dirt-3",
  ["layer 64"] = "mineral-dustyrose-dirt-4",
  ["layer 65"] = "mineral-dustyrose-dirt-5",
  ["layer 66"] = "mineral-dustyrose-dirt-6",
  ["layer 67"] = "mineral-dustyrose-sand-1",
  ["layer 68"] = "mineral-dustyrose-sand-2",
  ["layer 69"] = "mineral-dustyrose-sand-3",
  ["layer 70"] = "mineral-beige-dirt-1",
  ["layer 71"] = "mineral-beige-dirt-2",
  ["layer 72"] = "mineral-beige-dirt-3",
  ["layer 73"] = "mineral-beige-dirt-4",
  ["layer 74"] = "mineral-beige-dirt-5",
  ["layer 75"] = "mineral-beige-dirt-6",
  ["layer 76"] = "mineral-beige-sand-1",
  ["layer 77"] = "mineral-beige-sand-2",
  ["layer 78"] = "mineral-beige-sand-3",
  ["layer 79"] = "mineral-cream-dirt-1",
  ["layer 80"] = "mineral-cream-dirt-2",
  ["layer 81"] = "mineral-cream-dirt-3",
  ["layer 82"] = "mineral-cream-dirt-4",
  ["layer 83"] = "mineral-cream-dirt-5",
  ["layer 84"] = "mineral-cream-dirt-6",
  ["layer 85"] = "mineral-cream-sand-1",
  ["layer 86"] = "mineral-cream-sand-2",
  ["layer 87"] = "mineral-cream-sand-3",
  ["layer 88"] = "mineral-black-dirt-1",
  ["layer 89"] = "mineral-black-dirt-2",
  ["layer 90"] = "mineral-black-dirt-3",
  ["layer 91"] = "mineral-black-dirt-4",
  ["layer 92"] = "mineral-black-dirt-5",
  ["layer 93"] = "mineral-black-dirt-6",
  ["layer 94"] = "mineral-black-sand-1",
  ["layer 95"] = "mineral-black-sand-2",
  ["layer 96"] = "mineral-black-sand-3",
  ["layer 97"] = "mineral-grey-dirt-1",
  ["layer 98"] = "mineral-grey-dirt-2",
  ["layer 99"] = "mineral-grey-dirt-3",
  ["layer 100"] = "mineral-grey-dirt-4",
  ["layer 101"] = "mineral-grey-dirt-5",
  ["layer 102"] = "mineral-grey-dirt-6",
  ["layer 103"] = "mineral-grey-sand-1",
  ["layer 104"] = "mineral-grey-sand-2",
  ["layer 105"] = "mineral-grey-sand-3",
  ["layer 106"] = "mineral-white-dirt-1",
  ["layer 107"] = "mineral-white-dirt-2",
  ["layer 108"] = "mineral-white-dirt-3",
  ["layer 109"] = "mineral-white-dirt-4",
  ["layer 110"] = "mineral-white-dirt-5",
  ["layer 111"] = "mineral-white-dirt-6",
  ["layer 112"] = "mineral-white-sand-1",
  ["layer 113"] = "mineral-white-sand-2",
  ["layer 114"] = "mineral-white-sand-3",
  ["layer 115"] = "vegetation-turquoise-grass-1",
  ["layer 116"] = "vegetation-turquoise-grass-2",
  ["layer 117"] = "vegetation-green-grass-1",
  ["layer 118"] = "vegetation-green-grass-2",
  ["layer 119"] = "vegetation-green-grass-3",
  ["layer 120"] = "vegetation-green-grass-4",
  ["layer 121"] = "vegetation-olive-grass-1",
  ["layer 122"] = "vegetation-olive-grass-2",
  ["layer 123"] = "vegetation-yellow-grass-1",
  ["layer 124"] = "vegetation-yellow-grass-2",
  ["layer 125"] = "vegetation-orange-grass-1",
  ["layer 126"] = "vegetation-orange-grass-2",
  ["layer 127"] = "vegetation-red-grass-1",
  ["layer 128"] = "vegetation-red-grass-2",
  ["layer 129"] = "vegetation-violet-grass-1",
  ["layer 130"] = "vegetation-violet-grass-2",
  ["layer 131"] = "vegetation-purple-grass-1",
  ["layer 132"] = "vegetation-purple-grass-2",
  ["layer 133"] = "vegetation-mauve-grass-1",
  ["layer 134"] = "vegetation-mauve-grass-2",
  ["layer 135"] = "vegetation-blue-grass-1",
  ["layer 136"] = "vegetation-blue-grass-2",
  ["layer 137"] = "volcanic-orange-heat-1",
  ["layer 138"] = "volcanic-orange-heat-2",
  ["layer 139"] = "volcanic-orange-heat-3",
  ["layer 140"] = "volcanic-orange-heat-4",
  ["layer 141"] = "volcanic-green-heat-1",
  ["layer 142"] = "volcanic-green-heat-2",
  ["layer 143"] = "volcanic-green-heat-3",
  ["layer 144"] = "volcanic-green-heat-4",
  ["layer 145"] = "volcanic-blue-heat-1",
  ["layer 146"] = "volcanic-blue-heat-2",
  ["layer 147"] = "volcanic-blue-heat-3",
  ["layer 148"] = "volcanic-blue-heat-4",
  ["layer 149"] = "volcanic-purple-heat-1",
  ["layer 150"] = "volcanic-purple-heat-2",
  ["layer 151"] = "volcanic-purple-heat-3",
  ["layer 152"] = "volcanic-purple-heat-4",
  ["layer 153"] = "frozen-snow-0",
  ["layer 154"] = "frozen-snow-1",
  ["layer 155"] = "frozen-snow-2",
  ["layer 156"] = "frozen-snow-3",
  ["layer 157"] = "frozen-snow-4",
  ["layer 158"] = "frozen-snow-5",
  ["layer 159"] = "frozen-snow-6",
  ["layer 160"] = "frozen-snow-7",
  ["layer 161"] = "frozen-snow-8",
  ["layer 162"] = "frozen-snow-9",
  ["layer 163"] = "landfill",
  ["layer 164"] = "tile-unknown",
  ["layer 165"] = "se-space",
  ["layer 166"] = "interior-divider",
  ["layer 167"] = "sand-1",
  ["layer 168"] = "sand-2",
  ["layer 169"] = "sand-3",
  ["layer 170"] = "red-desert-1",
  ["layer 171"] = "red-desert-2",
  ["layer 172"] = "red-desert-3",
  ["layer 173"] = "dry-dirt",
  ["layer 174"] = "dirt-1",
  ["layer 175"] = "dirt-2",
  ["layer 176"] = "se-asteroid",
  ["layer 177"] = "dirt-3",
  ["layer 178"] = "dirt-4",
  ["layer 179"] = "dirt-5",
  ["layer 180"] = "dirt-6",
  ["layer 181"] = "dirt-7",
  ["layer 182"] = "grass-2",
  ["layer 183"] = "grass-3",
  ["layer 184"] = "grass-4",
  ["layer 185"] = "red-desert-0",
  ["layer 186"] = "nuclear-ground",
  ["layer 187"] = "tutorial-grid",
  ["layer 188"] = "rough-stone-path",
  ["layer 189"] = "stone-path",
  ["layer 190"] = "concrete",
  ["layer 191"] = "hazard-concrete-left, hazard-concrete-right",
  ["layer 192"] = "refined-concrete",
  ["layer 193"] = "refined-hazard-concrete-left, refined-hazard-concrete-right",
  ["layer 194"] = "red-refined-concrete",
  ["layer 195"] = "lab-dark-1",
  ["layer 196"] = "lab-dark-2",
  ["layer 197"] = "lab-white",
  ["layer 198"] = "green-refined-concrete",
  ["layer 199"] = "blue-refined-concrete",
  ["layer 200"] = "orange-refined-concrete",
  ["layer 201"] = "yellow-refined-concrete",
  ["layer 202"] = "pink-refined-concrete",
  ["layer 203"] = "purple-refined-concrete",
  ["layer 204"] = "black-refined-concrete",
  ["layer 205"] = "brown-refined-concrete",
  ["layer 206"] = "cyan-refined-concrete",
  ["layer 207"] = "acid-refined-concrete",
  ["layer 208"] = "se-regolith",
  ["layer 209"] = "se-space-platform-scaffold",
  ["layer 210"] = "se-space-platform-plating",
  ["layer 211"] = "se-spaceship-floor"
}
   0.678 Loading mod combat-mechanics-overhaul 0.6.22 (data-final-fixes.lua)
   0.692 Loading mod space-exploration 0.6.94 (data-final-fixes.lua)
   0.760 Script @__space-exploration__/prototypes/phase-3/resources.lua:26: Resource has control: iron-ore: iron-ore
   0.760 Script @__space-exploration__/prototypes/phase-3/resources.lua:44: Resource can place: iron-ore
   0.760 Script @__space-exploration__/prototypes/phase-3/resources.lua:26: Resource has control: copper-ore: copper-ore
   0.760 Script @__space-exploration__/prototypes/phase-3/resources.lua:44: Resource can place: copper-ore
   0.761 Script @__space-exploration__/prototypes/phase-3/resources.lua:26: Resource has control: coal: coal
   0.761 Script @__space-exploration__/prototypes/phase-3/resources.lua:44: Resource can place: coal
   0.761 Script @__space-exploration__/prototypes/phase-3/resources.lua:26: Resource has control: stone: stone
   0.761 Script @__space-exploration__/prototypes/phase-3/resources.lua:44: Resource can place: stone
   0.762 Script @__space-exploration__/prototypes/phase-3/resources.lua:26: Resource has control: uranium-ore: uranium-ore
   0.762 Script @__space-exploration__/prototypes/phase-3/resources.lua:44: Resource can place: uranium-ore
   0.763 Script @__space-exploration__/prototypes/phase-3/resources.lua:26: Resource has control: crude-oil: crude-oil
   0.763 Script @__space-exploration__/prototypes/phase-3/resources.lua:44: Resource can place: crude-oil
   0.763 Script @__space-exploration__/prototypes/phase-3/resources.lua:26: Resource has control: se-water-ice: se-water-ice
   0.763 Script @__space-exploration__/prototypes/phase-3/resources.lua:44: Resource can place: se-water-ice
   0.764 Script @__space-exploration__/prototypes/phase-3/resources.lua:26: Resource has control: se-methane-ice: se-methane-ice
   0.764 Script @__space-exploration__/prototypes/phase-3/resources.lua:44: Resource can place: se-methane-ice
   0.765 Script @__space-exploration__/prototypes/phase-3/resources.lua:26: Resource has control: se-beryllium-ore: se-beryllium-ice
   0.765 Script @__space-exploration__/prototypes/phase-3/resources.lua:44: Resource can place: se-beryllium-ore
   0.765 Script @__space-exploration__/prototypes/phase-3/resources.lua:26: Resource has control: se-cryonite: se-cryonite
   0.765 Script @__space-exploration__/prototypes/phase-3/resources.lua:44: Resource can place: se-cryonite
   0.766 Script @__space-exploration__/prototypes/phase-3/resources.lua:26: Resource has control: se-holmium-ore: se-holmium-ore
   0.766 Script @__space-exploration__/prototypes/phase-3/resources.lua:44: Resource can place: se-holmium-ore
   0.766 Script @__space-exploration__/prototypes/phase-3/resources.lua:26: Resource has control: se-iridium-ore: se-iridium-ore
   0.766 Script @__space-exploration__/prototypes/phase-3/resources.lua:44: Resource can place: se-iridium-ore
   0.767 Script @__space-exploration__/prototypes/phase-3/resources.lua:26: Resource has control: se-naquium-ore: se-naquium-ore
   0.767 Script @__space-exploration__/prototypes/phase-3/resources.lua:44: Resource can place: se-naquium-ore
   0.768 Script @__space-exploration__/prototypes/phase-3/resources.lua:26: Resource has control: se-vulcanite: se-vulcanite
   0.768 Script @__space-exploration__/prototypes/phase-3/resources.lua:44: Resource can place: se-vulcanite
   0.768 Script @__space-exploration__/prototypes/phase-3/resources.lua:26: Resource has control: se-vitamelange: se-vitamelange
   0.768 Script @__space-exploration__/prototypes/phase-3/resources.lua:44: Resource can place: se-vitamelange
   0.785 Loading mod space-exploration-postprocess 0.6.22 (data-final-fixes.lua)
   0.925 Script @__space-exploration__/collision-mask-util-extended/data/collision-mask-util-extended.lua:111: Named collision layer [planet-tile] set to layer [layer-21]
   1.037 Checksum for core: 870127790
   1.037 Checksum of base: 4211423066
   1.037 Checksum of simhelper: 0
   1.037 Checksum of aai-containers: 2985674576
   1.037 Checksum of aai-signal-transmission: 3799299483
   1.037 Checksum of aai-vehicles-ironclad: 1041839096
   1.037 Checksum of alien-biomes-hr-terrain: 2010945986
   1.037 Checksum of bullet-trails: 3735931065
   1.037 Checksum of even-distribution: 3296431338
   1.037 Checksum of grappling-gun: 1687216103
   1.037 Checksum of informatron: 623235406
   1.037 Checksum of jetpack: 261709526
   1.037 Checksum of LogisticRequestManager: 1914849578
   1.037 Checksum of ModuleInserterSimplified: 3647339269
   1.037 Checksum of robot_attrition: 928209236
   1.037 Checksum of shield-projector: 1559000050
   1.037 Checksum of space-exploration-graphics: 0
   1.037 Checksum of space-exploration-graphics-2: 0
   1.037 Checksum of space-exploration-graphics-3: 0
   1.037 Checksum of space-exploration-graphics-4: 0
   1.037 Checksum of space-exploration-graphics-5: 0
   1.037 Checksum of space-exploration-menu-simulations: 1283024780
   1.037 Checksum of textplates: 1728524371
   1.037 Checksum of aai-industry: 350719609
   1.037 Checksum of alien-biomes: 793539720
   1.037 Checksum of combat-mechanics-overhaul: 2312475608
   1.037 Checksum of equipment-gantry: 3031703972
   1.037 Checksum of space-exploration: 3714945286
   1.037 Checksum of space-exploration-postprocess: 421686422
   1.275 Prototype list checksum: 2430343124
   1.365 Info PlayerData.cpp:71: Local player-data.json available, timestamp 1671910536
   1.365 Info PlayerData.cpp:78: Cloud player-data.json unavailable
   1.365 Factorio initialised
   1.366 Info Main.cpp:745: Creating new map /factorio/saves/space-exploration.zip
   2.280 Loading level.dat: 2448120 bytes.
   2.280 Info Scenario.cpp:199: Map version 1.1.74-1
   2.298 Checksum for script /factorio/temp/currently-playing/control.lua: 2881393120
   2.299 Checksum for script __aai-signal-transmission__/control.lua: 3816600264
   2.299 Checksum for script __aai-vehicles-ironclad__/control.lua: 2835957140
   2.300 Script @__even-distribution__/framework.lua:72: 0 [ED] Initializing framework... DEBUG = false
   2.300 Script @__even-distribution__/framework.lua:72: 0 [ED] Registering custom scripts...
   2.300 Script @__even-distribution__/framework.lua:72: 0 [ED] Script: metatables
   2.300 Script @__even-distribution__/framework.lua:72: 0 [ED] Script: util
   2.300 Script @__even-distribution__/framework.lua:72: 0 [ED] Script: helpers
   2.300 Script @__even-distribution__/framework.lua:72: 0 [ED] Script: setup
   2.300 Script @__even-distribution__/framework.lua:72: 0 [ED] Script: remote
   2.300 Script @__even-distribution__/framework.lua:72: 0 [ED] Script: visuals
   2.301 Script @__even-distribution__/framework.lua:72: 0 [ED] Script: gui-tools
   2.301 Script @__even-distribution__/framework.lua:72: 0 [ED] Script: drag
   2.301 Script @__even-distribution__/framework.lua:72: 0 [ED] Script: cleanup
   2.301 Script @__even-distribution__/framework.lua:72: 0 [ED] GUI-Script: settings-gui
   2.302 Script @__even-distribution__/framework.lua:72: 0 [ED] Registering default event handlers...
   2.302 Script @__even-distribution__/framework.lua:72: 0 [ED] Registering custom inputs...
   2.302 Script @__even-distribution__/framework.lua:72: 0 [ED] Input: inventory-cleanup   event: on_inventory_cleanup
   2.302 Script @__even-distribution__/framework.lua:72: 0 [ED] Input: fast-entity-transfer-hook   event: on_fast_entity_transfer_hook
   2.302 Script @__even-distribution__/framework.lua:72: 0 [ED] Input: fast-entity-split-hook   event: on_fast_entity_split_hook
   2.302 Script @__even-distribution__/framework.lua:72: 0 [ED] Successfully initialized
   2.302 Checksum for script __even-distribution__/control.lua: 850894597
   2.303 Checksum for script __grappling-gun__/control.lua: 2370778191
   2.304 Checksum for script __informatron__/control.lua: 1025713248
   2.306 Checksum for script __jetpack__/control.lua: 2363448258
   2.308 Checksum for script __LogisticRequestManager__/control.lua: 2963948196
   2.310 Checksum for script __ModuleInserterSimplified__/control.lua: 4198510734
   2.310 Checksum for script __robot_attrition__/control.lua: 540612876
   2.311 Checksum for script __shield-projector__/control.lua: 3637234701
   2.312 Checksum for script __space-exploration-graphics-4__/control.lua: 17466373
   2.312 Checksum for script __textplates__/control.lua: 643277855
   2.313 Checksum for script __aai-industry__/control.lua: 2053332683
   2.314 Checksum for script __alien-biomes__/control.lua: 1814481397
   2.314 Checksum for script __combat-mechanics-overhaul__/control.lua: 2424450201
   2.315 Checksum for script __equipment-gantry__/control.lua: 525186582
   2.373 Checksum for script __space-exploration__/control.lua: 438637445
   2.374 Checksum for script __space-exploration-postprocess__/control.lua: 1592757217
   2.405 Script @__ModuleInserterSimplified__/scripts/init-global.lua:171: {
  {
    index = 1,
    localised_name = {
      "item-name.speed-module"
    },
    name = "speed-module",
    tier = 1,
    type = "speed-module"
  },
  {
    index = 2,
    localised_name = {
      "item-name.productivity-module"
    },
    name = "productivity-module",
    tier = 1,
    type = "productivity-module"
  },
  {
    index = 3,
    localised_name = {
      "item-name.effectivity-module"
    },
    name = "effectivity-module",
    tier = 1,
    type = "effectivity-module"
  },
  {
    index = 4,
    localised_name = {
      "item-name.mis-insert-empty"
    },
    name = "empty-1",
    tier = 1,
    type = "empty"
  },
  {
    index = 5,
    localised_name = {
      "item-name.speed-module-2"
    },
    name = "speed-module-2",
    tier = 2,
    type = "speed-module"
  },
  {
    index = 6,
    localised_name = {
      "item-name.productivity-module-2"
    },
    name = "productivity-module-2",
    tier = 2,
    type = "productivity-module"
  },
  {
    index = 7,
    localised_name = {
      "item-name.effectivity-module-2"
    },
    name = "effectivity-module-2",
    tier = 2,
    type = "effectivity-module"
  },
  {
    index = 8,
    localised_name = {
      "item-name.mis-insert-empty"
    },
    name = "empty-2",
    tier = 2,
    type = "empty"
  },
  {
    index = 9,
    localised_name = {
      "item-name.speed-module-3"
    },
    name = "speed-module-3",
    tier = 3,
    type = "speed-module"
  },
  {
    index = 10,
    localised_name = {
      "item-name.productivity-module-3"
    },
    name = "productivity-module-3",
    tier = 3,
    type = "productivity-module"
  },
  {
    index = 11,
    localised_name = {
      "item-name.effectivity-module-3"
    },
    name = "effectivity-module-3",
    tier = 3,
    type = "effectivity-module"
  },
  {
    index = 12,
    localised_name = {
      "item-name.mis-insert-empty"
    },
    name = "empty-3",
    tier = 3,
    type = "empty"
  },
  {
    index = 13,
    localised_name = {
      "item-name.speed-module-4"
    },
    name = "speed-module-4",
    tier = 4,
    type = "speed-module"
  },
  {
    index = 14,
    localised_name = {
      "item-name.productivity-module-4"
    },
    name = "productivity-module-4",
    tier = 4,
    type = "productivity-module"
  },
  {
    index = 15,
    localised_name = {
      "item-name.effectivity-module-4"
    },
    name = "effectivity-module-4",
    tier = 4,
    type = "effectivity-module"
  },
  {
    index = 16,
    localised_name = {
      "item-name.mis-insert-empty"
    },
    name = "empty-4",
    tier = 4,
    type = "empty"
  },
  {
    index = 17,
    localised_name = {
      "item-name.speed-module-5"
    },
    name = "speed-module-5",
    tier = 5,
    type = "speed-module"
  },
  {
    index = 18,
    localised_name = {
      "item-name.productivity-module-5"
    },
    name = "productivity-module-5",
    tier = 5,
    type = "productivity-module"
  },
  {
    index = 19,
    localised_name = {
      "item-name.effectivity-module-5"
    },
    name = "effectivity-module-5",
    tier = 5,
    type = "effectivity-module"
  },
  {
    index = 20,
    localised_name = {
      "item-name.mis-insert-empty"
    },
    name = "empty-5",
    tier = 5,
    type = "empty"
  },
  {
    index = 21,
    localised_name = {
      "item-name.speed-module-6"
    },
    name = "speed-module-6",
    tier = 6,
    type = "speed-module"
  },
  {
    index = 22,
    localised_name = {
      "item-name.productivity-module-6"
    },
    name = "productivity-module-6",
    tier = 6,
    type = "productivity-module"
  },
  {
    index = 23,
    localised_name = {
      "item-name.effectivity-module-6"
    },
    name = "effectivity-module-6",
    tier = 6,
    type = "effectivity-module"
  },
  {
    index = 24,
    localised_name = {
      "item-name.mis-insert-empty"
    },
    name = "empty-6",
    tier = 6,
    type = "empty"
  },
  {
    index = 25,
    localised_name = {
      "item-name.speed-module-7"
    },
    name = "speed-module-7",
    tier = 7,
    type = "speed-module"
  },
  {
    index = 26,
    localised_name = {
      "item-name.productivity-module-7"
    },
    name = "productivity-module-7",
    tier = 7,
    type = "productivity-module"
  },
  {
    index = 27,
    localised_name = {
      "item-name.effectivity-module-7"
    },
    name = "effectivity-module-7",
    tier = 7,
    type = "effectivity-module"
  },
  {
    index = 28,
    localised_name = {
      "item-name.mis-insert-empty"
    },
    name = "empty-7",
    tier = 7,
    type = "empty"
  },
  {
    index = 29,
    localised_name = {
      "item-name.speed-module-8"
    },
    name = "speed-module-8",
    tier = 8,
    type = "speed-module"
  },
  {
    index = 30,
    localised_name = {
      "item-name.productivity-module-8"
    },
    name = "productivity-module-8",
    tier = 8,
    type = "productivity-module"
  },
  {
    index = 31,
    localised_name = {
      "item-name.effectivity-module-8"
    },
    name = "effectivity-module-8",
    tier = 8,
    type = "effectivity-module"
  },
  {
    index = 32,
    localised_name = {
      "item-name.mis-insert-empty"
    },
    name = "empty-8",
    tier = 8,
    type = "empty"
  },
  {
    index = 33,
    localised_name = {
      "item-name.speed-module-9"
    },
    name = "speed-module-9",
    tier = 9,
    type = "speed-module"
  },
  {
    index = 34,
    localised_name = {
      "item-name.productivity-module-9"
    },
    name = "productivity-module-9",
    tier = 9,
    type = "productivity-module"
  },
  {
    index = 35,
    localised_name = {
      "item-name.effectivity-module-9"
    },
    name = "effectivity-module-9",
    tier = 9,
    type = "effectivity-module"
  },
  {
    index = 36,
    localised_name = {
      "item-name.mis-insert-empty"
    },
    name = "empty-9",
    tier = 9,
    type = "empty"
  }
}
   2.406 Script @__ModuleInserterSimplified__/scripts/init-global.lua:172: {
  ["effectivity-module"] = {
    index = 3,
    localised_name = {
      "item-name.effectivity-module"
    },
    name = "effectivity-module",
    tier = 1,
    type = "effectivity-module"
  },
  ["effectivity-module-2"] = {
    index = 7,
    localised_name = {
      "item-name.effectivity-module-2"
    },
    name = "effectivity-module-2",
    tier = 2,
    type = "effectivity-module"
  },
  ["effectivity-module-3"] = {
    index = 11,
    localised_name = {
      "item-name.effectivity-module-3"
    },
    name = "effectivity-module-3",
    tier = 3,
    type = "effectivity-module"
  },
  ["effectivity-module-4"] = {
    index = 15,
    localised_name = {
      "item-name.effectivity-module-4"
    },
    name = "effectivity-module-4",
    tier = 4,
    type = "effectivity-module"
  },
  ["effectivity-module-5"] = {
    index = 19,
    localised_name = {
      "item-name.effectivity-module-5"
    },
    name = "effectivity-module-5",
    tier = 5,
    type = "effectivity-module"
  },
  ["effectivity-module-6"] = {
    index = 23,
    localised_name = {
      "item-name.effectivity-module-6"
    },
    name = "effectivity-module-6",
    tier = 6,
    type = "effectivity-module"
  },
  ["effectivity-module-7"] = {
    index = 27,
    localised_name = {
      "item-name.effectivity-module-7"
    },
    name = "effectivity-module-7",
    tier = 7,
    type = "effectivity-module"
  },
  ["effectivity-module-8"] = {
    index = 31,
    localised_name = {
      "item-name.effectivity-module-8"
    },
    name = "effectivity-module-8",
    tier = 8,
    type = "effectivity-module"
  },
  ["effectivity-module-9"] = {
    index = 35,
    localised_name = {
      "item-name.effectivity-module-9"
    },
    name = "effectivity-module-9",
    tier = 9,
    type = "effectivity-module"
  },
  ["empty-1"] = {
    index = 4,
    localised_name = {
      "item-name.mis-insert-empty"
    },
    name = "empty-1",
    tier = 1,
    type = "empty"
  },
  ["empty-2"] = {
    index = 8,
    localised_name = {
      "item-name.mis-insert-empty"
    },
    name = "empty-2",
    tier = 2,
    type = "empty"
  },
  ["empty-3"] = {
    index = 12,
    localised_name = {
      "item-name.mis-insert-empty"
    },
    name = "empty-3",
    tier = 3,
    type = "empty"
  },
  ["empty-4"] = {
    index = 16,
    localised_name = {
      "item-name.mis-insert-empty"
    },
    name = "empty-4",
    tier = 4,
    type = "empty"
  },
  ["empty-5"] = {
    index = 20,
    localised_name = {
      "item-name.mis-insert-empty"
    },
    name = "empty-5",
    tier = 5,
    type = "empty"
  },
  ["empty-6"] = {
    index = 24,
    localised_name = {
      "item-name.mis-insert-empty"
    },
    name = "empty-6",
    tier = 6,
    type = "empty"
  },
  ["empty-7"] = {
    index = 28,
    localised_name = {
      "item-name.mis-insert-empty"
    },
    name = "empty-7",
    tier = 7,
    type = "empty"
  },
  ["empty-8"] = {
    index = 32,
    localised_name = {
      "item-name.mis-insert-empty"
    },
    name = "empty-8",
    tier = 8,
    type = "empty"
  },
  ["empty-9"] = {
    index = 36,
    localised_name = {
      "item-name.mis-insert-empty"
    },
    name = "empty-9",
    tier = 9,
    type = "empty"
  },
  ["productivity-module"] = {
    index = 2,
    localised_name = {
      "item-name.productivity-module"
    },
    name = "productivity-module",
    tier = 1,
    type = "productivity-module"
  },
  ["productivity-module-2"] = {
    index = 6,
    localised_name = {
      "item-name.productivity-module-2"
    },
    name = "productivity-module-2",
    tier = 2,
    type = "productivity-module"
  },
  ["productivity-module-3"] = {
    index = 10,
    localised_name = {
      "item-name.productivity-module-3"
    },
    name = "productivity-module-3",
    tier = 3,
    type = "productivity-module"
  },
  ["productivity-module-4"] = {
    index = 14,
    localised_name = {
      "item-name.productivity-module-4"
    },
    name = "productivity-module-4",
    tier = 4,
    type = "productivity-module"
  },
  ["productivity-module-5"] = {
    index = 18,
    localised_name = {
      "item-name.productivity-module-5"
    },
    name = "productivity-module-5",
    tier = 5,
    type = "productivity-module"
  },
  ["productivity-module-6"] = {
    index = 22,
    localised_name = {
      "item-name.productivity-module-6"
    },
    name = "productivity-module-6",
    tier = 6,
    type = "productivity-module"
  },
  ["productivity-module-7"] = {
    index = 26,
    localised_name = {
      "item-name.productivity-module-7"
    },
    name = "productivity-module-7",
    tier = 7,
    type = "productivity-module"
  },
  ["productivity-module-8"] = {
    index = 30,
    localised_name = {
      "item-name.productivity-module-8"
    },
    name = "productivity-module-8",
    tier = 8,
    type = "productivity-module"
  },
  ["productivity-module-9"] = {
    index = 34,
    localised_name = {
      "item-name.productivity-module-9"
    },
    name = "productivity-module-9",
    tier = 9,
    type = "productivity-module"
  },
  ["speed-module"] = {
    index = 1,
    localised_name = {
      "item-name.speed-module"
    },
    name = "speed-module",
    tier = 1,
    type = "speed-module"
  },
  ["speed-module-2"] = {
    index = 5,
    localised_name = {
      "item-name.speed-module-2"
    },
    name = "speed-module-2",
    tier = 2,
    type = "speed-module"
  },
  ["speed-module-3"] = {
    index = 9,
    localised_name = {
      "item-name.speed-module-3"
    },
    name = "speed-module-3",
    tier = 3,
    type = "speed-module"
  },
  ["speed-module-4"] = {
    index = 13,
    localised_name = {
      "item-name.speed-module-4"
    },
    name = "speed-module-4",
    tier = 4,
    type = "speed-module"
  },
  ["speed-module-5"] = {
    index = 17,
    localised_name = {
      "item-name.speed-module-5"
    },
    name = "speed-module-5",
    tier = 5,
    type = "speed-module"
  },
  ["speed-module-6"] = {
    index = 21,
    localised_name = {
      "item-name.speed-module-6"
    },
    name = "speed-module-6",
    tier = 6,
    type = "speed-module"
  },
  ["speed-module-7"] = {
    index = 25,
    localised_name = {
      "item-name.speed-module-7"
    },
    name = "speed-module-7",
    tier = 7,
    type = "speed-module"
  },
  ["speed-module-8"] = {
    index = 29,
    localised_name = {
      "item-name.speed-module-8"
    },
    name = "speed-module-8",
    tier = 8,
    type = "speed-module"
  },
  ["speed-module-9"] = {
    index = 33,
    localised_name = {
      "item-name.speed-module-9"
    },
    name = "speed-module-9",
    tier = 9,
    type = "speed-module"
  }
}
   2.407 Script @__ModuleInserterSimplified__/scripts/init-global.lua:173: {
  {
    {
      index = 1,
      localised_name = {
        "item-name.speed-module"
      },
      name = "speed-module",
      tier = 1,
      type = "speed-module"
    },
    {
      index = 2,
      localised_name = {
        "item-name.productivity-module"
      },
      name = "productivity-module",
      tier = 1,
      type = "productivity-module"
    },
    {
      index = 3,
      localised_name = {
        "item-name.effectivity-module"
      },
      name = "effectivity-module",
      tier = 1,
      type = "effectivity-module"
    },
    {
      index = 4,
      localised_name = {
        "item-name.mis-insert-empty"
      },
      name = "empty-1",
      tier = 1,
      type = "empty"
    }
  },
  {
    {
      index = 5,
      localised_name = {
        "item-name.speed-module-2"
      },
      name = "speed-module-2",
      tier = 2,
      type = "speed-module"
    },
    {
      index = 6,
      localised_name = {
        "item-name.productivity-module-2"
      },
      name = "productivity-module-2",
      tier = 2,
      type = "productivity-module"
    },
    {
      index = 7,
      localised_name = {
        "item-name.effectivity-module-2"
      },
      name = "effectivity-module-2",
      tier = 2,
      type = "effectivity-module"
    },
    {
      index = 8,
      localised_name = {
        "item-name.mis-insert-empty"
      },
      name = "empty-2",
      tier = 2,
      type = "empty"
    }
  },
  {
    {
      index = 9,
      localised_name = {
        "item-name.speed-module-3"
      },
      name = "speed-module-3",
      tier = 3,
      type = "speed-module"
    },
    {
      index = 10,
      localised_name = {
        "item-name.productivity-module-3"
      },
      name = "productivity-module-3",
      tier = 3,
      type = "productivity-module"
    },
    {
      index = 11,
      localised_name = {
        "item-name.effectivity-module-3"
      },
      name = "effectivity-module-3",
      tier = 3,
      type = "effectivity-module"
    },
    {
      index = 12,
      localised_name = {
        "item-name.mis-insert-empty"
      },
      name = "empty-3",
      tier = 3,
      type = "empty"
    }
  },
  {
    {
      index = 13,
      localised_name = {
        "item-name.speed-module-4"
      },
      name = "speed-module-4",
      tier = 4,
      type = "speed-module"
    },
    {
      index = 14,
      localised_name = {
        "item-name.productivity-module-4"
      },
      name = "productivity-module-4",
      tier = 4,
      type = "productivity-module"
    },
    {
      index = 15,
      localised_name = {
        "item-name.effectivity-module-4"
      },
      name = "effectivity-module-4",
      tier = 4,
      type = "effectivity-module"
    },
    {
      index = 16,
      localised_name = {
        "item-name.mis-insert-empty"
      },
      name = "empty-4",
      tier = 4,
      type = "empty"
    }
  },
  {
    {
      index = 17,
      localised_name = {
        "item-name.speed-module-5"
      },
      name = "speed-module-5",
      tier = 5,
      type = "speed-module"
    },
    {
      index = 18,
      localised_name = {
        "item-name.productivity-module-5"
      },
      name = "productivity-module-5",
      tier = 5,
      type = "productivity-module"
    },
    {
      index = 19,
      localised_name = {
        "item-name.effectivity-module-5"
      },
      name = "effectivity-module-5",
      tier = 5,
      type = "effectivity-module"
    },
    {
      index = 20,
      localised_name = {
        "item-name.mis-insert-empty"
      },
      name = "empty-5",
      tier = 5,
      type = "empty"
    }
  },
  {
    {
      index = 21,
      localised_name = {
        "item-name.speed-module-6"
      },
      name = "speed-module-6",
      tier = 6,
      type = "speed-module"
    },
    {
      index = 22,
      localised_name = {
        "item-name.productivity-module-6"
      },
      name = "productivity-module-6",
      tier = 6,
      type = "productivity-module"
    },
    {
      index = 23,
      localised_name = {
        "item-name.effectivity-module-6"
      },
      name = "effectivity-module-6",
      tier = 6,
      type = "effectivity-module"
    },
    {
      index = 24,
      localised_name = {
        "item-name.mis-insert-empty"
      },
      name = "empty-6",
      tier = 6,
      type = "empty"
    }
  },
  {
    {
      index = 25,
      localised_name = {
        "item-name.speed-module-7"
      },
      name = "speed-module-7",
      tier = 7,
      type = "speed-module"
    },
    {
      index = 26,
      localised_name = {
        "item-name.productivity-module-7"
      },
      name = "productivity-module-7",
      tier = 7,
      type = "productivity-module"
    },
    {
      index = 27,
      localised_name = {
        "item-name.effectivity-module-7"
      },
      name = "effectivity-module-7",
      tier = 7,
      type = "effectivity-module"
    },
    {
      index = 28,
      localised_name = {
        "item-name.mis-insert-empty"
      },
      name = "empty-7",
      tier = 7,
      type = "empty"
    }
  },
  {
    {
      index = 29,
      localised_name = {
        "item-name.speed-module-8"
      },
      name = "speed-module-8",
      tier = 8,
      type = "speed-module"
    },
    {
      index = 30,
      localised_name = {
        "item-name.productivity-module-8"
      },
      name = "productivity-module-8",
      tier = 8,
      type = "productivity-module"
    },
    {
      index = 31,
      localised_name = {
        "item-name.effectivity-module-8"
      },
      name = "effectivity-module-8",
      tier = 8,
      type = "effectivity-module"
    },
    {
      index = 32,
      localised_name = {
        "item-name.mis-insert-empty"
      },
      name = "empty-8",
      tier = 8,
      type = "empty"
    }
  },
  {
    {
      index = 33,
      localised_name = {
        "item-name.speed-module-9"
      },
      name = "speed-module-9",
      tier = 9,
      type = "speed-module"
    },
    {
      index = 34,
      localised_name = {
        "item-name.productivity-module-9"
      },
      name = "productivity-module-9",
      tier = 9,
      type = "productivity-module"
    },
    {
      index = 35,
      localised_name = {
        "item-name.effectivity-module-9"
      },
      name = "effectivity-module-9",
      tier = 9,
      type = "effectivity-module"
    },
    {
      index = 36,
      localised_name = {
        "item-name.mis-insert-empty"
      },
      name = "empty-9",
      tier = 9,
      type = "empty"
    }
  }
}
   2.416 Script @__space-exploration__/scripts/universe.lua:246: Building Universe.
Error: The mod Space Exploration (0.6.94) caused a non-recoverable error.
Please report this error to the mod author.

Error while running event space-exploration::on_init()
__space-exploration__/scripts/universe.lua:543: attempt to index field 'autoplace_controls' (a nil value)
stack traceback:
	__space-exploration__/scripts/universe.lua:543: in function 'build'
	__space-exploration__/control.lua:2162: in function 'callback'
	__space-exploration__/scripts/event.lua:15: in function 'sequence'
	__space-exploration__/scripts/event.lua:49: in function 'trigger'
	__space-exploration__/scripts/event.lua:53: in function <__space-exploration__/scripts/event.lua:53>
   2.535 Goodbye
'/deployed-configs/map-gen-settings.json' -> '/factorio/configs/map-gen-settings.json'
'/deployed-configs/map-settings.json' -> '/factorio/configs/map-settings.json'
'/deployed-configs/server-adminlist.json' -> '/factorio/configs/server-adminlist.json'
'/deployed-configs/server-banlist.json' -> '/factorio/configs/server-banlist.json'
'/deployed-configs/server-settings.json' -> '/factorio/configs/server-settings.json'
'/deployed-configs/server-whitelist.json' -> '/factorio/configs/server-whitelist.json'
'/rcon-pw/rconpw' -> '/factorio/configs/rconpw'
jq: error: game_password/0 is not defined at <top-level>, line 1:
.game_password=(game_password|gsub("[\\n\\t]"; ""))                
jq: 1 compile error
changed ownership of '/factorio/configs/map-gen-settings.json' to 845:845
changed ownership of '/factorio/configs/map-settings.json' to 845:845
changed ownership of '/factorio/configs/server-adminlist.json' to 845:845
changed ownership of '/factorio/configs/server-banlist.json' to 845:845
changed ownership of '/factorio/configs/server-whitelist.json' to 845:845
changed ownership of '/factorio/configs/rconpw' to 845:845
changed ownership of '/factorio/configs/server-settings.json' to 845:845
changed ownership of '/factorio/configs' to 845:845
changed ownership of '/factorio/config' to 845:845
changed ownership of '/factorio' to 845:845
mode of '/factorio/configs' changed to 0777 (rwxrwxrwx)
mode of '/factorio/configs/map-gen-settings.json' changed to 0777 (rwxrwxrwx)
mode of '/factorio/configs/map-settings.json' changed to 0777 (rwxrwxrwx)
mode of '/factorio/configs/server-adminlist.json' changed to 0777 (rwxrwxrwx)
mode of '/factorio/configs/server-banlist.json' changed to 0777 (rwxrwxrwx)
mode of '/factorio/configs/server-whitelist.json' changed to 0777 (rwxrwxrwx)
mode of '/factorio/configs/rconpw' changed to 0777 (rwxrwxrwx)
mode of '/factorio/configs/server-settings.json' changed to 0777 (rwxrwxrwx)
total 0      
drwxrwxrwx    1 factorio factorio      26 Dec 24 19:30 .
drwxr-xr-x    1 root     root         150 Dec 24 19:30 ..
drwxr-xr-x    1 factorio factorio       0 Dec 24 19:30 config
drwxrwxrwx    1 factorio factorio     250 Dec 24 19:30 configs
